<?xml version="1.0" encoding="UTF-8"?>
<!-- Generated by org.testng.reporters.JUnitReportReporter -->
<testsuite hostname="hp" failures="0" tests="1" name="stepdefination.facebooklogin" time="2.262" errors="0" timestamp="2024-11-29T13:02:53 IST" skipped="0">
  <testcase classname="stepdefination.facebooklogin" name="signup" time="2.262"/>
  <system-out/>
</testsuite> <!-- stepdefination.facebooklogin -->
